[2021-11-21 15:00:03] local.ERROR: Too few arguments to function Illuminate\Routing\PendingResourceRegistration::name(), 1 passed in E:\Work\HighPharma\routes\web.php on line 16 and exactly 2 expected {"exception":"[object] (Symfony\\Component\\Debug\\Exception\\FatalThrowableError(code: 0): Too few arguments to function Illuminate\\Routing\\PendingResourceRegistration::name(), 1 passed in E:\\Work\\HighPharma\outes\\web.php on line 16 and exactly 2 expected at E:\\Work\\HighPharma\\vendor\\laravel\\framework\\src\\Illuminate\\Routing\\PendingResourceRegistration.php:109)
[stacktrace]
#0 E:\\Work\\HighPharma\outes\\web.php(16): Illuminate\\Routing\\PendingResourceRegistration->name('products.')
#1 E:\\Work\\HighPharma\\vendor\\laravel\\framework\\src\\Illuminate\\Routing\\Router.php(413): Illuminate\\Routing\\RouteFileRegistrar->{closure}(Object(Illuminate\\Routing\\Router))
#2 E:\\Work\\HighPharma\\vendor\\laravel\\framework\\src\\Illuminate\\Routing\\Router.php(373): Illuminate\\Routing\\Router->loadRoutes(Object(Closure))
#3 E:\\Work\\HighPharma\\vendor\\laravel\\framework\\src\\Illuminate\\Routing\\RouteRegistrar.php(121): Illuminate\\Routing\\Router->group(Array, Object(Closure))
#4 E:\\Work\\HighPharma\outes\\web.php(18): Illuminate\\Routing\\RouteRegistrar->group(Object(Closure))
#5 E:\\Work\\HighPharma\\vendor\\laravel\\framework\\src\\Illuminate\\Routing\\RouteFileRegistrar.php(35): require('E:\\\\Work\\\\HighPha...')
#6 E:\\Work\\HighPharma\\vendor\\laravel\\framework\\src\\Illuminate\\Routing\\Router.php(415): Illuminate\\Routing\\RouteFileRegistrar->register('E:\\\\Work\\\\HighPha...')
#7 E:\\Work\\HighPharma\\vendor\\laravel\\framework\\src\\Illuminate\\Routing\\Router.php(373): Illuminate\\Routing\\Router->loadRoutes('E:\\\\Work\\\\HighPha...')
#8 E:\\Work\\HighPharma\\vendor\\laravel\\framework\\src\\Illuminate\\Routing\\RouteRegistrar.php(121): Illuminate\\Routing\\Router->group(Array, 'E:\\\\Work\\\\HighPha...')
#9 E:\\Work\\HighPharma\\app\\Providers\\RouteServiceProvider.php(56): Illuminate\\Routing\\RouteRegistrar->group('E:\\\\Work\\\\HighPha...')
#10 E:\\Work\\HighPharma\\app\\Providers\\RouteServiceProvider.php(40): App\\Providers\\RouteServiceProvider->mapWebRoutes()
#11 [internal function]: App\\Providers\\RouteServiceProvider->map()
#12 E:\\Work\\HighPharma\\vendor\\laravel\\framework\\src\\Illuminate\\Container\\BoundMethod.php(32): call_user_func_array(Array, Array)
#13 E:\\Work\\HighPharma\\vendor\\laravel\\framework\\src\\Illuminate\\Container\\BoundMethod.php(90): Illuminate\\Container\\BoundMethod::Illuminate\\Container\\{closure}()
#14 E:\\Work\\HighPharma\\vendor\\laravel\\framework\\src\\Illuminate\\Container\\BoundMethod.php(34): Illuminate\\Container\\BoundMethod::callBoundMethod(Object(Illuminate\\Foundation\\Application), Array, Object(Closure))
#15 E:\\Work\\HighPharma\\vendor\\laravel\\framework\\src\\Illuminate\\Container\\Container.php(576): Illuminate\\Container\\BoundMethod::call(Object(Illuminate\\Foundation\\Application), Array, Array, NULL)
#16 E:\\Work\\HighPharma\\vendor\\laravel\\framework\\src\\Illuminate\\Foundation\\Support\\Providers\\RouteServiceProvider.php(87): Illuminate\\Container\\Container->call(Array)
#17 E:\\Work\\HighPharma\\vendor\\laravel\\framework\\src\\Illuminate\\Foundation\\Support\\Providers\\RouteServiceProvider.php(36): Illuminate\\Foundation\\Support\\Providers\\RouteServiceProvider->loadRoutes()
#18 E:\\Work\\HighPharma\\app\\Providers\\RouteServiceProvider.php(28): Illuminate\\Foundation\\Support\\Providers\\RouteServiceProvider->boot()
#19 [internal function]: App\\Providers\\RouteServiceProvider->boot()
#20 E:\\Work\\HighPharma\\vendor\\laravel\\framework\\src\\Illuminate\\Container\\BoundMethod.php(32): call_user_func_array(Array, Array)
#21 E:\\Work\\HighPharma\\vendor\\laravel\\framework\\src\\Illuminate\\Container\\BoundMethod.php(90): Illuminate\\Container\\BoundMethod::Illuminate\\Container\\{closure}()
#22 E:\\Work\\HighPharma\\vendor\\laravel\\framework\\src\\Illuminate\\Container\\BoundMethod.php(34): Illuminate\\Container\\BoundMethod::callBoundMethod(Object(Illuminate\\Foundation\\Application), Array, Object(Closure))
#23 E:\\Work\\HighPharma\\vendor\\laravel\\framework\\src\\Illuminate\\Container\\Container.php(576): Illuminate\\Container\\BoundMethod::call(Object(Illuminate\\Foundation\\Application), Array, Array, NULL)
#24 E:\\Work\\HighPharma\\vendor\\laravel\\framework\\src\\Illuminate\\Foundation\\Application.php(827): Illuminate\\Container\\Container->call(Array)
#25 E:\\Work\\HighPharma\\vendor\\laravel\\framework\\src\\Illuminate\\Foundation\\Application.php(810): Illuminate\\Foundation\\Application->bootProvider(Object(App\\Providers\\RouteServiceProvider))
#26 [internal function]: Illuminate\\Foundation\\Application->Illuminate\\Foundation\\{closure}(Object(App\\Providers\\RouteServiceProvider), 20)
#27 E:\\Work\\HighPharma\\vendor\\laravel\\framework\\src\\Illuminate\\Foundation\\Application.php(811): array_walk(Array, Object(Closure))
#28 E:\\Work\\HighPharma\\vendor\\laravel\\framework\\src\\Illuminate\\Foundation\\Bootstrap\\BootProviders.php(17): Illuminate\\Foundation\\Application->boot()
#29 E:\\Work\\HighPharma\\vendor\\laravel\\framework\\src\\Illuminate\\Foundation\\Application.php(210): Illuminate\\Foundation\\Bootstrap\\BootProviders->bootstrap(Object(Illuminate\\Foundation\\Application))
#30 E:\\Work\\HighPharma\\vendor\\laravel\\framework\\src\\Illuminate\\Foundation\\Console\\Kernel.php(322): Illuminate\\Foundation\\Application->bootstrapWith(Array)
#31 E:\\Work\\HighPharma\\vendor\\laravel\\framework\\src\\Illuminate\\Foundation\\Console\\Kernel.php(131): Illuminate\\Foundation\\Console\\Kernel->bootstrap()
#32 E:\\Work\\HighPharma\\artisan(37): Illuminate\\Foundation\\Console\\Kernel->handle(Object(Symfony\\Component\\Console\\Input\\ArgvInput), Object(Symfony\\Component\\Console\\Output\\ConsoleOutput))
#33 {main}
"} 
[2021-11-21 15:00:14] local.ERROR: Too few arguments to function Illuminate\Routing\PendingResourceRegistration::name(), 1 passed in E:\Work\HighPharma\routes\web.php on line 16 and exactly 2 expected {"exception":"[object] (Symfony\\Component\\Debug\\Exception\\FatalThrowableError(code: 0): Too few arguments to function Illuminate\\Routing\\PendingResourceRegistration::name(), 1 passed in E:\\Work\\HighPharma\outes\\web.php on line 16 and exactly 2 expected at E:\\Work\\HighPharma\\vendor\\laravel\\framework\\src\\Illuminate\\Routing\\PendingResourceRegistration.php:109)
[stacktrace]
#0 E:\\Work\\HighPharma\outes\\web.php(16): Illuminate\\Routing\\PendingResourceRegistration->name('products.')
#1 E:\\Work\\HighPharma\\vendor\\laravel\\framework\\src\\Illuminate\\Routing\\Router.php(413): Illuminate\\Routing\\RouteFileRegistrar->{closure}(Object(Illuminate\\Routing\\Router))
#2 E:\\Work\\HighPharma\\vendor\\laravel\\framework\\src\\Illuminate\\Routing\\Router.php(373): Illuminate\\Routing\\Router->loadRoutes(Object(Closure))
#3 E:\\Work\\HighPharma\\vendor\\laravel\\framework\\src\\Illuminate\\Routing\\RouteRegistrar.php(121): Illuminate\\Routing\\Router->group(Array, Object(Closure))
#4 E:\\Work\\HighPharma\outes\\web.php(18): Illuminate\\Routing\\RouteRegistrar->group(Object(Closure))
#5 E:\\Work\\HighPharma\\vendor\\laravel\\framework\\src\\Illuminate\\Routing\\RouteFileRegistrar.php(35): require('E:\\\\Work\\\\HighPha...')
#6 E:\\Work\\HighPharma\\vendor\\laravel\\framework\\src\\Illuminate\\Routing\\Router.php(415): Illuminate\\Routing\\RouteFileRegistrar->register('E:\\\\Work\\\\HighPha...')
#7 E:\\Work\\HighPharma\\vendor\\laravel\\framework\\src\\Illuminate\\Routing\\Router.php(373): Illuminate\\Routing\\Router->loadRoutes('E:\\\\Work\\\\HighPha...')
#8 E:\\Work\\HighPharma\\vendor\\laravel\\framework\\src\\Illuminate\\Routing\\RouteRegistrar.php(121): Illuminate\\Routing\\Router->group(Array, 'E:\\\\Work\\\\HighPha...')
#9 E:\\Work\\HighPharma\\app\\Providers\\RouteServiceProvider.php(56): Illuminate\\Routing\\RouteRegistrar->group('E:\\\\Work\\\\HighPha...')
#10 E:\\Work\\HighPharma\\app\\Providers\\RouteServiceProvider.php(40): App\\Providers\\RouteServiceProvider->mapWebRoutes()
#11 [internal function]: App\\Providers\\RouteServiceProvider->map()
#12 E:\\Work\\HighPharma\\vendor\\laravel\\framework\\src\\Illuminate\\Container\\BoundMethod.php(32): call_user_func_array(Array, Array)
#13 E:\\Work\\HighPharma\\vendor\\laravel\\framework\\src\\Illuminate\\Container\\BoundMethod.php(90): Illuminate\\Container\\BoundMethod::Illuminate\\Container\\{closure}()
#14 E:\\Work\\HighPharma\\vendor\\laravel\\framework\\src\\Illuminate\\Container\\BoundMethod.php(34): Illuminate\\Container\\BoundMethod::callBoundMethod(Object(Illuminate\\Foundation\\Application), Array, Object(Closure))
#15 E:\\Work\\HighPharma\\vendor\\laravel\\framework\\src\\Illuminate\\Container\\Container.php(576): Illuminate\\Container\\BoundMethod::call(Object(Illuminate\\Foundation\\Application), Array, Array, NULL)
#16 E:\\Work\\HighPharma\\vendor\\laravel\\framework\\src\\Illuminate\\Foundation\\Support\\Providers\\RouteServiceProvider.php(87): Illuminate\\Container\\Container->call(Array)
#17 E:\\Work\\HighPharma\\vendor\\laravel\\framework\\src\\Illuminate\\Foundation\\Support\\Providers\\RouteServiceProvider.php(36): Illuminate\\Foundation\\Support\\Providers\\RouteServiceProvider->loadRoutes()
#18 E:\\Work\\HighPharma\\app\\Providers\\RouteServiceProvider.php(28): Illuminate\\Foundation\\Support\\Providers\\RouteServiceProvider->boot()
#19 [internal function]: App\\Providers\\RouteServiceProvider->boot()
#20 E:\\Work\\HighPharma\\vendor\\laravel\\framework\\src\\Illuminate\\Container\\BoundMethod.php(32): call_user_func_array(Array, Array)
#21 E:\\Work\\HighPharma\\vendor\\laravel\\framework\\src\\Illuminate\\Container\\BoundMethod.php(90): Illuminate\\Container\\BoundMethod::Illuminate\\Container\\{closure}()
#22 E:\\Work\\HighPharma\\vendor\\laravel\\framework\\src\\Illuminate\\Container\\BoundMethod.php(34): Illuminate\\Container\\BoundMethod::callBoundMethod(Object(Illuminate\\Foundation\\Application), Array, Object(Closure))
#23 E:\\Work\\HighPharma\\vendor\\laravel\\framework\\src\\Illuminate\\Container\\Container.php(576): Illuminate\\Container\\BoundMethod::call(Object(Illuminate\\Foundation\\Application), Array, Array, NULL)
#24 E:\\Work\\HighPharma\\vendor\\laravel\\framework\\src\\Illuminate\\Foundation\\Application.php(827): Illuminate\\Container\\Container->call(Array)
#25 E:\\Work\\HighPharma\\vendor\\laravel\\framework\\src\\Illuminate\\Foundation\\Application.php(810): Illuminate\\Foundation\\Application->bootProvider(Object(App\\Providers\\RouteServiceProvider))
#26 [internal function]: Illuminate\\Foundation\\Application->Illuminate\\Foundation\\{closure}(Object(App\\Providers\\RouteServiceProvider), 20)
#27 E:\\Work\\HighPharma\\vendor\\laravel\\framework\\src\\Illuminate\\Foundation\\Application.php(811): array_walk(Array, Object(Closure))
#28 E:\\Work\\HighPharma\\vendor\\laravel\\framework\\src\\Illuminate\\Foundation\\Bootstrap\\BootProviders.php(17): Illuminate\\Foundation\\Application->boot()
#29 E:\\Work\\HighPharma\\vendor\\laravel\\framework\\src\\Illuminate\\Foundation\\Application.php(210): Illuminate\\Foundation\\Bootstrap\\BootProviders->bootstrap(Object(Illuminate\\Foundation\\Application))
#30 E:\\Work\\HighPharma\\vendor\\laravel\\framework\\src\\Illuminate\\Foundation\\Console\\Kernel.php(322): Illuminate\\Foundation\\Application->bootstrapWith(Array)
#31 E:\\Work\\HighPharma\\vendor\\laravel\\framework\\src\\Illuminate\\Foundation\\Console\\Kernel.php(131): Illuminate\\Foundation\\Console\\Kernel->bootstrap()
#32 E:\\Work\\HighPharma\\artisan(37): Illuminate\\Foundation\\Console\\Kernel->handle(Object(Symfony\\Component\\Console\\Input\\ArgvInput), Object(Symfony\\Component\\Console\\Output\\ConsoleOutput))
#33 {main}
"} 
[2021-11-21 15:00:26] local.ERROR: Too few arguments to function Illuminate\Routing\PendingResourceRegistration::name(), 1 passed in E:\Work\HighPharma\routes\web.php on line 16 and exactly 2 expected {"exception":"[object] (Symfony\\Component\\Debug\\Exception\\FatalThrowableError(code: 0): Too few arguments to function Illuminate\\Routing\\PendingResourceRegistration::name(), 1 passed in E:\\Work\\HighPharma\outes\\web.php on line 16 and exactly 2 expected at E:\\Work\\HighPharma\\vendor\\laravel\\framework\\src\\Illuminate\\Routing\\PendingResourceRegistration.php:109)
[stacktrace]
#0 E:\\Work\\HighPharma\outes\\web.php(16): Illuminate\\Routing\\PendingResourceRegistration->name('products')
#1 E:\\Work\\HighPharma\\vendor\\laravel\\framework\\src\\Illuminate\\Routing\\Router.php(413): Illuminate\\Routing\\RouteFileRegistrar->{closure}(Object(Illuminate\\Routing\\Router))
#2 E:\\Work\\HighPharma\\vendor\\laravel\\framework\\src\\Illuminate\\Routing\\Router.php(373): Illuminate\\Routing\\Router->loadRoutes(Object(Closure))
#3 E:\\Work\\HighPharma\\vendor\\laravel\\framework\\src\\Illuminate\\Routing\\RouteRegistrar.php(121): Illuminate\\Routing\\Router->group(Array, Object(Closure))
#4 E:\\Work\\HighPharma\outes\\web.php(18): Illuminate\\Routing\\RouteRegistrar->group(Object(Closure))
#5 E:\\Work\\HighPharma\\vendor\\laravel\\framework\\src\\Illuminate\\Routing\\RouteFileRegistrar.php(35): require('E:\\\\Work\\\\HighPha...')
#6 E:\\Work\\HighPharma\\vendor\\laravel\\framework\\src\\Illuminate\\Routing\\Router.php(415): Illuminate\\Routing\\RouteFileRegistrar->register('E:\\\\Work\\\\HighPha...')
#7 E:\\Work\\HighPharma\\vendor\\laravel\\framework\\src\\Illuminate\\Routing\\Router.php(373): Illuminate\\Routing\\Router->loadRoutes('E:\\\\Work\\\\HighPha...')
#8 E:\\Work\\HighPharma\\vendor\\laravel\\framework\\src\\Illuminate\\Routing\\RouteRegistrar.php(121): Illuminate\\Routing\\Router->group(Array, 'E:\\\\Work\\\\HighPha...')
#9 E:\\Work\\HighPharma\\app\\Providers\\RouteServiceProvider.php(56): Illuminate\\Routing\\RouteRegistrar->group('E:\\\\Work\\\\HighPha...')
#10 E:\\Work\\HighPharma\\app\\Providers\\RouteServiceProvider.php(40): App\\Providers\\RouteServiceProvider->mapWebRoutes()
#11 [internal function]: App\\Providers\\RouteServiceProvider->map()
#12 E:\\Work\\HighPharma\\vendor\\laravel\\framework\\src\\Illuminate\\Container\\BoundMethod.php(32): call_user_func_array(Array, Array)
#13 E:\\Work\\HighPharma\\vendor\\laravel\\framework\\src\\Illuminate\\Container\\BoundMethod.php(90): Illuminate\\Container\\BoundMethod::Illuminate\\Container\\{closure}()
#14 E:\\Work\\HighPharma\\vendor\\laravel\\framework\\src\\Illuminate\\Container\\BoundMethod.php(34): Illuminate\\Container\\BoundMethod::callBoundMethod(Object(Illuminate\\Foundation\\Application), Array, Object(Closure))
#15 E:\\Work\\HighPharma\\vendor\\laravel\\framework\\src\\Illuminate\\Container\\Container.php(576): Illuminate\\Container\\BoundMethod::call(Object(Illuminate\\Foundation\\Application), Array, Array, NULL)
#16 E:\\Work\\HighPharma\\vendor\\laravel\\framework\\src\\Illuminate\\Foundation\\Support\\Providers\\RouteServiceProvider.php(87): Illuminate\\Container\\Container->call(Array)
#17 E:\\Work\\HighPharma\\vendor\\laravel\\framework\\src\\Illuminate\\Foundation\\Support\\Providers\\RouteServiceProvider.php(36): Illuminate\\Foundation\\Support\\Providers\\RouteServiceProvider->loadRoutes()
#18 E:\\Work\\HighPharma\\app\\Providers\\RouteServiceProvider.php(28): Illuminate\\Foundation\\Support\\Providers\\RouteServiceProvider->boot()
#19 [internal function]: App\\Providers\\RouteServiceProvider->boot()
#20 E:\\Work\\HighPharma\\vendor\\laravel\\framework\\src\\Illuminate\\Container\\BoundMethod.php(32): call_user_func_array(Array, Array)
#21 E:\\Work\\HighPharma\\vendor\\laravel\\framework\\src\\Illuminate\\Container\\BoundMethod.php(90): Illuminate\\Container\\BoundMethod::Illuminate\\Container\\{closure}()
#22 E:\\Work\\HighPharma\\vendor\\laravel\\framework\\src\\Illuminate\\Container\\BoundMethod.php(34): Illuminate\\Container\\BoundMethod::callBoundMethod(Object(Illuminate\\Foundation\\Application), Array, Object(Closure))
#23 E:\\Work\\HighPharma\\vendor\\laravel\\framework\\src\\Illuminate\\Container\\Container.php(576): Illuminate\\Container\\BoundMethod::call(Object(Illuminate\\Foundation\\Application), Array, Array, NULL)
#24 E:\\Work\\HighPharma\\vendor\\laravel\\framework\\src\\Illuminate\\Foundation\\Application.php(827): Illuminate\\Container\\Container->call(Array)
#25 E:\\Work\\HighPharma\\vendor\\laravel\\framework\\src\\Illuminate\\Foundation\\Application.php(810): Illuminate\\Foundation\\Application->bootProvider(Object(App\\Providers\\RouteServiceProvider))
#26 [internal function]: Illuminate\\Foundation\\Application->Illuminate\\Foundation\\{closure}(Object(App\\Providers\\RouteServiceProvider), 20)
#27 E:\\Work\\HighPharma\\vendor\\laravel\\framework\\src\\Illuminate\\Foundation\\Application.php(811): array_walk(Array, Object(Closure))
#28 E:\\Work\\HighPharma\\vendor\\laravel\\framework\\src\\Illuminate\\Foundation\\Bootstrap\\BootProviders.php(17): Illuminate\\Foundation\\Application->boot()
#29 E:\\Work\\HighPharma\\vendor\\laravel\\framework\\src\\Illuminate\\Foundation\\Application.php(210): Illuminate\\Foundation\\Bootstrap\\BootProviders->bootstrap(Object(Illuminate\\Foundation\\Application))
#30 E:\\Work\\HighPharma\\vendor\\laravel\\framework\\src\\Illuminate\\Foundation\\Console\\Kernel.php(322): Illuminate\\Foundation\\Application->bootstrapWith(Array)
#31 E:\\Work\\HighPharma\\vendor\\laravel\\framework\\src\\Illuminate\\Foundation\\Console\\Kernel.php(131): Illuminate\\Foundation\\Console\\Kernel->bootstrap()
#32 E:\\Work\\HighPharma\\artisan(37): Illuminate\\Foundation\\Console\\Kernel->handle(Object(Symfony\\Component\\Console\\Input\\ArgvInput), Object(Symfony\\Component\\Console\\Output\\ConsoleOutput))
#33 {main}
"} 
[2021-11-21 15:00:34] local.ERROR: Too few arguments to function Illuminate\Routing\PendingResourceRegistration::name(), 1 passed in E:\Work\HighPharma\routes\web.php on line 16 and exactly 2 expected {"exception":"[object] (Symfony\\Component\\Debug\\Exception\\FatalThrowableError(code: 0): Too few arguments to function Illuminate\\Routing\\PendingResourceRegistration::name(), 1 passed in E:\\Work\\HighPharma\outes\\web.php on line 16 and exactly 2 expected at E:\\Work\\HighPharma\\vendor\\laravel\\framework\\src\\Illuminate\\Routing\\PendingResourceRegistration.php:109)
[stacktrace]
#0 E:\\Work\\HighPharma\outes\\web.php(16): Illuminate\\Routing\\PendingResourceRegistration->name('products')
#1 E:\\Work\\HighPharma\\vendor\\laravel\\framework\\src\\Illuminate\\Routing\\Router.php(413): Illuminate\\Routing\\RouteFileRegistrar->{closure}(Object(Illuminate\\Routing\\Router))
#2 E:\\Work\\HighPharma\\vendor\\laravel\\framework\\src\\Illuminate\\Routing\\Router.php(373): Illuminate\\Routing\\Router->loadRoutes(Object(Closure))
#3 E:\\Work\\HighPharma\\vendor\\laravel\\framework\\src\\Illuminate\\Routing\\RouteRegistrar.php(121): Illuminate\\Routing\\Router->group(Array, Object(Closure))
#4 E:\\Work\\HighPharma\outes\\web.php(18): Illuminate\\Routing\\RouteRegistrar->group(Object(Closure))
#5 E:\\Work\\HighPharma\\vendor\\laravel\\framework\\src\\Illuminate\\Routing\\RouteFileRegistrar.php(35): require('E:\\\\Work\\\\HighPha...')
#6 E:\\Work\\HighPharma\\vendor\\laravel\\framework\\src\\Illuminate\\Routing\\Router.php(415): Illuminate\\Routing\\RouteFileRegistrar->register('E:\\\\Work\\\\HighPha...')
#7 E:\\Work\\HighPharma\\vendor\\laravel\\framework\\src\\Illuminate\\Routing\\Router.php(373): Illuminate\\Routing\\Router->loadRoutes('E:\\\\Work\\\\HighPha...')
#8 E:\\Work\\HighPharma\\vendor\\laravel\\framework\\src\\Illuminate\\Routing\\RouteRegistrar.php(121): Illuminate\\Routing\\Router->group(Array, 'E:\\\\Work\\\\HighPha...')
#9 E:\\Work\\HighPharma\\app\\Providers\\RouteServiceProvider.php(56): Illuminate\\Routing\\RouteRegistrar->group('E:\\\\Work\\\\HighPha...')
#10 E:\\Work\\HighPharma\\app\\Providers\\RouteServiceProvider.php(40): App\\Providers\\RouteServiceProvider->mapWebRoutes()
#11 [internal function]: App\\Providers\\RouteServiceProvider->map()
#12 E:\\Work\\HighPharma\\vendor\\laravel\\framework\\src\\Illuminate\\Container\\BoundMethod.php(32): call_user_func_array(Array, Array)
#13 E:\\Work\\HighPharma\\vendor\\laravel\\framework\\src\\Illuminate\\Container\\BoundMethod.php(90): Illuminate\\Container\\BoundMethod::Illuminate\\Container\\{closure}()
#14 E:\\Work\\HighPharma\\vendor\\laravel\\framework\\src\\Illuminate\\Container\\BoundMethod.php(34): Illuminate\\Container\\BoundMethod::callBoundMethod(Object(Illuminate\\Foundation\\Application), Array, Object(Closure))
#15 E:\\Work\\HighPharma\\vendor\\laravel\\framework\\src\\Illuminate\\Container\\Container.php(576): Illuminate\\Container\\BoundMethod::call(Object(Illuminate\\Foundation\\Application), Array, Array, NULL)
#16 E:\\Work\\HighPharma\\vendor\\laravel\\framework\\src\\Illuminate\\Foundation\\Support\\Providers\\RouteServiceProvider.php(87): Illuminate\\Container\\Container->call(Array)
#17 E:\\Work\\HighPharma\\vendor\\laravel\\framework\\src\\Illuminate\\Foundation\\Support\\Providers\\RouteServiceProvider.php(36): Illuminate\\Foundation\\Support\\Providers\\RouteServiceProvider->loadRoutes()
#18 E:\\Work\\HighPharma\\app\\Providers\\RouteServiceProvider.php(28): Illuminate\\Foundation\\Support\\Providers\\RouteServiceProvider->boot()
#19 [internal function]: App\\Providers\\RouteServiceProvider->boot()
#20 E:\\Work\\HighPharma\\vendor\\laravel\\framework\\src\\Illuminate\\Container\\BoundMethod.php(32): call_user_func_array(Array, Array)
#21 E:\\Work\\HighPharma\\vendor\\laravel\\framework\\src\\Illuminate\\Container\\BoundMethod.php(90): Illuminate\\Container\\BoundMethod::Illuminate\\Container\\{closure}()
#22 E:\\Work\\HighPharma\\vendor\\laravel\\framework\\src\\Illuminate\\Container\\BoundMethod.php(34): Illuminate\\Container\\BoundMethod::callBoundMethod(Object(Illuminate\\Foundation\\Application), Array, Object(Closure))
#23 E:\\Work\\HighPharma\\vendor\\laravel\\framework\\src\\Illuminate\\Container\\Container.php(576): Illuminate\\Container\\BoundMethod::call(Object(Illuminate\\Foundation\\Application), Array, Array, NULL)
#24 E:\\Work\\HighPharma\\vendor\\laravel\\framework\\src\\Illuminate\\Foundation\\Application.php(827): Illuminate\\Container\\Container->call(Array)
#25 E:\\Work\\HighPharma\\vendor\\laravel\\framework\\src\\Illuminate\\Foundation\\Application.php(810): Illuminate\\Foundation\\Application->bootProvider(Object(App\\Providers\\RouteServiceProvider))
#26 [internal function]: Illuminate\\Foundation\\Application->Illuminate\\Foundation\\{closure}(Object(App\\Providers\\RouteServiceProvider), 20)
#27 E:\\Work\\HighPharma\\vendor\\laravel\\framework\\src\\Illuminate\\Foundation\\Application.php(811): array_walk(Array, Object(Closure))
#28 E:\\Work\\HighPharma\\vendor\\laravel\\framework\\src\\Illuminate\\Foundation\\Bootstrap\\BootProviders.php(17): Illuminate\\Foundation\\Application->boot()
#29 E:\\Work\\HighPharma\\vendor\\laravel\\framework\\src\\Illuminate\\Foundation\\Application.php(210): Illuminate\\Foundation\\Bootstrap\\BootProviders->bootstrap(Object(Illuminate\\Foundation\\Application))
#30 E:\\Work\\HighPharma\\vendor\\laravel\\framework\\src\\Illuminate\\Foundation\\Console\\Kernel.php(322): Illuminate\\Foundation\\Application->bootstrapWith(Array)
#31 E:\\Work\\HighPharma\\vendor\\laravel\\framework\\src\\Illuminate\\Foundation\\Console\\Kernel.php(131): Illuminate\\Foundation\\Console\\Kernel->bootstrap()
#32 E:\\Work\\HighPharma\\artisan(37): Illuminate\\Foundation\\Console\\Kernel->handle(Object(Symfony\\Component\\Console\\Input\\ArgvInput), Object(Symfony\\Component\\Console\\Output\\ConsoleOutput))
#33 {main}
"} 
[2021-11-21 15:00:39] local.ERROR: Argument 1 passed to Illuminate\Routing\Router::resources() must be of the type array, string given, called in E:\Work\HighPharma\vendor\laravel\framework\src\Illuminate\Support\Facades\Facade.php on line 239 {"exception":"[object] (Symfony\\Component\\Debug\\Exception\\FatalThrowableError(code: 0): Argument 1 passed to Illuminate\\Routing\\Router::resources() must be of the type array, string given, called in E:\\Work\\HighPharma\\vendor\\laravel\\framework\\src\\Illuminate\\Support\\Facades\\Facade.php on line 239 at E:\\Work\\HighPharma\\vendor\\laravel\\framework\\src\\Illuminate\\Routing\\Router.php:296)
[stacktrace]
#0 E:\\Work\\HighPharma\\vendor\\laravel\\framework\\src\\Illuminate\\Support\\Facades\\Facade.php(239): Illuminate\\Routing\\Router->resources('/products', 'ProductControll...')
#1 E:\\Work\\HighPharma\outes\\web.php(16): Illuminate\\Support\\Facades\\Facade::__callStatic('resources', Array)
#2 E:\\Work\\HighPharma\\vendor\\laravel\\framework\\src\\Illuminate\\Routing\\Router.php(413): Illuminate\\Routing\\RouteFileRegistrar->{closure}(Object(Illuminate\\Routing\\Router))
#3 E:\\Work\\HighPharma\\vendor\\laravel\\framework\\src\\Illuminate\\Routing\\Router.php(373): Illuminate\\Routing\\Router->loadRoutes(Object(Closure))
#4 E:\\Work\\HighPharma\\vendor\\laravel\\framework\\src\\Illuminate\\Routing\\RouteRegistrar.php(121): Illuminate\\Routing\\Router->group(Array, Object(Closure))
#5 E:\\Work\\HighPharma\outes\\web.php(18): Illuminate\\Routing\\RouteRegistrar->group(Object(Closure))
#6 E:\\Work\\HighPharma\\vendor\\laravel\\framework\\src\\Illuminate\\Routing\\RouteFileRegistrar.php(35): require('E:\\\\Work\\\\HighPha...')
#7 E:\\Work\\HighPharma\\vendor\\laravel\\framework\\src\\Illuminate\\Routing\\Router.php(415): Illuminate\\Routing\\RouteFileRegistrar->register('E:\\\\Work\\\\HighPha...')
#8 E:\\Work\\HighPharma\\vendor\\laravel\\framework\\src\\Illuminate\\Routing\\Router.php(373): Illuminate\\Routing\\Router->loadRoutes('E:\\\\Work\\\\HighPha...')
#9 E:\\Work\\HighPharma\\vendor\\laravel\\framework\\src\\Illuminate\\Routing\\RouteRegistrar.php(121): Illuminate\\Routing\\Router->group(Array, 'E:\\\\Work\\\\HighPha...')
#10 E:\\Work\\HighPharma\\app\\Providers\\RouteServiceProvider.php(56): Illuminate\\Routing\\RouteRegistrar->group('E:\\\\Work\\\\HighPha...')
#11 E:\\Work\\HighPharma\\app\\Providers\\RouteServiceProvider.php(40): App\\Providers\\RouteServiceProvider->mapWebRoutes()
#12 [internal function]: App\\Providers\\RouteServiceProvider->map()
#13 E:\\Work\\HighPharma\\vendor\\laravel\\framework\\src\\Illuminate\\Container\\BoundMethod.php(32): call_user_func_array(Array, Array)
#14 E:\\Work\\HighPharma\\vendor\\laravel\\framework\\src\\Illuminate\\Container\\BoundMethod.php(90): Illuminate\\Container\\BoundMethod::Illuminate\\Container\\{closure}()
#15 E:\\Work\\HighPharma\\vendor\\laravel\\framework\\src\\Illuminate\\Container\\BoundMethod.php(34): Illuminate\\Container\\BoundMethod::callBoundMethod(Object(Illuminate\\Foundation\\Application), Array, Object(Closure))
#16 E:\\Work\\HighPharma\\vendor\\laravel\\framework\\src\\Illuminate\\Container\\Container.php(576): Illuminate\\Container\\BoundMethod::call(Object(Illuminate\\Foundation\\Application), Array, Array, NULL)
#17 E:\\Work\\HighPharma\\vendor\\laravel\\framework\\src\\Illuminate\\Foundation\\Support\\Providers\\RouteServiceProvider.php(87): Illuminate\\Container\\Container->call(Array)
#18 E:\\Work\\HighPharma\\vendor\\laravel\\framework\\src\\Illuminate\\Foundation\\Support\\Providers\\RouteServiceProvider.php(36): Illuminate\\Foundation\\Support\\Providers\\RouteServiceProvider->loadRoutes()
#19 E:\\Work\\HighPharma\\app\\Providers\\RouteServiceProvider.php(28): Illuminate\\Foundation\\Support\\Providers\\RouteServiceProvider->boot()
#20 [internal function]: App\\Providers\\RouteServiceProvider->boot()
#21 E:\\Work\\HighPharma\\vendor\\laravel\\framework\\src\\Illuminate\\Container\\BoundMethod.php(32): call_user_func_array(Array, Array)
#22 E:\\Work\\HighPharma\\vendor\\laravel\\framework\\src\\Illuminate\\Container\\BoundMethod.php(90): Illuminate\\Container\\BoundMethod::Illuminate\\Container\\{closure}()
#23 E:\\Work\\HighPharma\\vendor\\laravel\\framework\\src\\Illuminate\\Container\\BoundMethod.php(34): Illuminate\\Container\\BoundMethod::callBoundMethod(Object(Illuminate\\Foundation\\Application), Array, Object(Closure))
#24 E:\\Work\\HighPharma\\vendor\\laravel\\framework\\src\\Illuminate\\Container\\Container.php(576): Illuminate\\Container\\BoundMethod::call(Object(Illuminate\\Foundation\\Application), Array, Array, NULL)
#25 E:\\Work\\HighPharma\\vendor\\laravel\\framework\\src\\Illuminate\\Foundation\\Application.php(827): Illuminate\\Container\\Container->call(Array)
#26 E:\\Work\\HighPharma\\vendor\\laravel\\framework\\src\\Illuminate\\Foundation\\Application.php(810): Illuminate\\Foundation\\Application->bootProvider(Object(App\\Providers\\RouteServiceProvider))
#27 [internal function]: Illuminate\\Foundation\\Application->Illuminate\\Foundation\\{closure}(Object(App\\Providers\\RouteServiceProvider), 20)
#28 E:\\Work\\HighPharma\\vendor\\laravel\\framework\\src\\Illuminate\\Foundation\\Application.php(811): array_walk(Array, Object(Closure))
#29 E:\\Work\\HighPharma\\vendor\\laravel\\framework\\src\\Illuminate\\Foundation\\Bootstrap\\BootProviders.php(17): Illuminate\\Foundation\\Application->boot()
#30 E:\\Work\\HighPharma\\vendor\\laravel\\framework\\src\\Illuminate\\Foundation\\Application.php(210): Illuminate\\Foundation\\Bootstrap\\BootProviders->bootstrap(Object(Illuminate\\Foundation\\Application))
#31 E:\\Work\\HighPharma\\vendor\\laravel\\framework\\src\\Illuminate\\Foundation\\Console\\Kernel.php(322): Illuminate\\Foundation\\Application->bootstrapWith(Array)
#32 E:\\Work\\HighPharma\\vendor\\laravel\\framework\\src\\Illuminate\\Foundation\\Console\\Kernel.php(131): Illuminate\\Foundation\\Console\\Kernel->bootstrap()
#33 E:\\Work\\HighPharma\\artisan(37): Illuminate\\Foundation\\Console\\Kernel->handle(Object(Symfony\\Component\\Console\\Input\\ArgvInput), Object(Symfony\\Component\\Console\\Output\\ConsoleOutput))
#34 {main}
"} 
